2023-03-11 12:32:56 -  - exec CUpdateClientPartner::SearchModulesEx
2023-03-11 12:32:56 -  - exec CUpdateClientPartner::__CollectRequestData
2023-03-11 12:32:56 -  - utf=Y&lang=ru&stable=Y&CANGZIP=Y&SUPD_DBS=MYSQL&XE=N&CLIENT_SITE=webnews&LICENSE_KEY=X&SUPD_STS=1&SUPD_URS=0&SUPD_URSA=1&TYPENC=D&CLIENT_PHPVER=7.4.29&NGINX=Y&dbv=8.0.29&instm=main%2C22.0.300%2CY%3Bb24connector%2C21.100.0%2CN%3Bbitrix.sitecorporate%2C15.5.0%2CN%3Bbitrix.siteinfoportal%2C15.5.0%2CN%3Bbitrix.sitepersonal%2C15.5.0%2CN%3Bbitrixcloud%2C22.0.0%2CN%3Bblog%2C21.300.0%2CN%3Bclouds%2C22.0.0%2CN%3Bfileman%2C22.0.0%2CN%3Bform%2C21.0.0%2CN%3Bforum%2C21.300.100%2CN%3Bhighloadblock%2C22.200.0%2CN%3Biblock%2C21.800.300%2CN%3Blanding%2C21.1300.200%2CN%3Bmessageservice%2C22.200.100%2CN%3Bmobileapp%2C21.0.300%2CN%3Bperfmon%2C21.0.0%2CN%3Bphotogallery%2C21.200.0%2CN%3Brest%2C22.0.100%2CN%3Bscale%2C21.0.0%2CN%3Bsearch%2C22.0.0%2CN%3Bsecurity%2C21.200.0%2CN%3Bseo%2C22.0.200%2CN%3Bsocialservices%2C22.0.250%2CN%3Bsubscribe%2C21.0.0%2CN%3Btranslate%2C21.100.0%2CN%3Bui%2C22.400.50%2CN%3Bvote%2C21.0.100%2CN&search_module_id=&search_module=&search_category=7%2C14&search_type=&search_order=DESC&search_order_by=SORT&search_page=1&SUPD_SRS=RU&SUPD_CMP=N
2023-03-11 12:32:56 -  - exec CUpdateClientPartner::GetHTTPPage
2023-03-11 12:32:57 -  - TIME SearchModulesEx(request) 0.849 sec
2023-03-11 12:32:57 -  - exec CUpdateClientPartner::ParseServerData
2023-03-11 12:33:16 -  - exec CUpdateClientPartner::LoadModulesUpdates
2023-03-11 12:33:16 -  - exec CUpdateClientPartner::__CollectRequestData
2023-03-11 12:33:17 -  - utf=Y&lang=ru&stable=Y&CANGZIP=Y&SUPD_DBS=MYSQL&XE=N&CLIENT_SITE=webnews&LICENSE_KEY=X&SUPD_STS=1&SUPD_URS=0&SUPD_URSA=1&TYPENC=D&CLIENT_PHPVER=7.4.29&NGINX=Y&dbv=8.0.29&instm=main%2C22.0.300%2CY%3Bb24connector%2C21.100.0%2CN%3Bbitrix.sitecorporate%2C15.5.0%2CN%3Bbitrix.siteinfoportal%2C15.5.0%2CN%3Bbitrix.sitepersonal%2C15.5.0%2CN%3Bbitrixcloud%2C22.0.0%2CN%3Bblog%2C21.300.0%2CN%3Bclouds%2C22.0.0%2CN%3Bfileman%2C22.0.0%2CN%3Bform%2C21.0.0%2CN%3Bforum%2C21.300.100%2CN%3Bhighloadblock%2C22.200.0%2CN%3Biblock%2C21.800.300%2CN%3Blanding%2C21.1300.200%2CN%3Bmessageservice%2C22.200.100%2CN%3Bmobileapp%2C21.0.300%2CN%3Bperfmon%2C21.0.0%2CN%3Bphotogallery%2C21.200.0%2CN%3Brest%2C22.0.100%2CN%3Bscale%2C21.0.0%2CN%3Bsearch%2C22.0.0%2CN%3Bsecurity%2C21.200.0%2CN%3Bseo%2C22.0.200%2CN%3Bsocialservices%2C22.0.250%2CN%3Bsubscribe%2C21.0.0%2CN%3Btranslate%2C21.100.0%2CN%3Bui%2C22.400.50%2CN%3Bvote%2C21.0.100%2CN&reqm=nsandrey.emptyinstall&lim=Y&SUPD_SRS=RU&SUPD_CMP=N
2023-03-11 12:33:17 -  - exec CUpdateClientPartner::GetHTTPPage
2023-03-11 12:33:17 -  - TIME LoadModulesUpdates(request) 0.16 sec
2023-03-11 12:33:17 -  - exec CUpdateClientPartner::ParseServerData
2023-03-11 12:33:17 - S - STEP
2023-03-11 12:33:17 - LM4W01 - loadModule4Wizard-Step
2023-03-11 12:33:17 -  - exec CUpdateClientPartner::LoadModulesUpdates
2023-03-11 12:33:17 -  - exec CUpdateClientPartner::ParseServerData
2023-03-11 12:33:17 -  - loadFile
2023-03-11 12:33:17 - U - RETURN
2023-03-11 12:33:17 -  - exec CUpdateClientPartner::UnGzipArchive
2023-03-11 12:33:17 -  - TIME UnGzipArchive 0.18 sec
2023-03-11 12:33:17 -  - TIME UpdateStepModules 0.107 sec
2023-03-11 12:33:18 -  - exec CUpdateClientPartner::LoadModulesUpdates
2023-03-11 12:33:18 -  - exec CUpdateClientPartner::__CollectRequestData
2023-03-11 12:33:18 -  - utf=Y&lang=ru&stable=Y&CANGZIP=Y&SUPD_DBS=MYSQL&XE=N&CLIENT_SITE=webnews&LICENSE_KEY=X&SUPD_STS=1&SUPD_URS=0&SUPD_URSA=1&TYPENC=D&CLIENT_PHPVER=7.4.29&NGINX=Y&dbv=8.0.29&instm=main%2C22.0.300%2CY%3Bb24connector%2C21.100.0%2CN%3Bbitrix.sitecorporate%2C15.5.0%2CN%3Bbitrix.siteinfoportal%2C15.5.0%2CN%3Bbitrix.sitepersonal%2C15.5.0%2CN%3Bbitrixcloud%2C22.0.0%2CN%3Bblog%2C21.300.0%2CN%3Bclouds%2C22.0.0%2CN%3Bfileman%2C22.0.0%2CN%3Bform%2C21.0.0%2CN%3Bforum%2C21.300.100%2CN%3Bhighloadblock%2C22.200.0%2CN%3Biblock%2C21.800.300%2CN%3Blanding%2C21.1300.200%2CN%3Bmessageservice%2C22.200.100%2CN%3Bmobileapp%2C21.0.300%2CN%3Bnsandrey.emptyinstall%2C1.0.5%2CN%3Bperfmon%2C21.0.0%2CN%3Bphotogallery%2C21.200.0%2CN%3Brest%2C22.0.100%2CN%3Bscale%2C21.0.0%2CN%3Bsearch%2C22.0.0%2CN%3Bsecurity%2C21.200.0%2CN%3Bseo%2C22.0.200%2CN%3Bsocialservices%2C22.0.250%2CN%3Bsubscribe%2C21.0.0%2CN%3Btranslate%2C21.100.0%2CN%3Bui%2C22.400.50%2CN%3Bvote%2C21.0.100%2CN&reqm=nsandrey.emptyinstall&lim=Y&SUPD_SRS=RU&SUPD_CMP=N
2023-03-11 12:33:18 -  - exec CUpdateClientPartner::GetHTTPPage
2023-03-11 12:33:18 -  - TIME LoadModulesUpdates(request) 0.139 sec
2023-03-11 12:33:18 -  - exec CUpdateClientPartner::ParseServerData
2023-03-11 12:33:18 - STEP - Finish - NOUPDATES
2023-03-11 12:33:18 - LM4W03 - Finish - NOUPDATES
2023-03-11 12:35:40 -  - exec CUpdateClientPartner::__CollectRequestData
2023-03-11 12:35:40 -  - exec CUpdateClientPartner::GetHTTPPage
2023-03-11 12:35:40 -  - exec CUpdateClientPartner::ParseServerData
2023-03-11 12:35:40 -  - exec CUpdateClientPartner::GetUpdatesList
2023-03-11 12:35:40 -  - exec CUpdateClientPartner::__CollectRequestData
2023-03-11 12:35:40 -  - utf=Y&lang=ru&stable=Y&CANGZIP=Y&SUPD_DBS=MYSQL&XE=N&CLIENT_SITE=webnews&LICENSE_KEY=X&SUPD_STS=1&SUPD_URS=0&SUPD_URSA=1&TYPENC=D&CLIENT_PHPVER=7.4.29&NGINX=Y&dbv=8.0.29&instm=main%2C22.0.300%2CY%3Bb24connector%2C21.100.0%2CN%3Bbitrix.sitecorporate%2C15.5.0%2CN%3Bbitrix.siteinfoportal%2C15.5.0%2CN%3Bbitrix.sitepersonal%2C15.5.0%2CN%3Bbitrixcloud%2C22.0.0%2CN%3Bblog%2C21.300.0%2CN%3Bclouds%2C22.0.0%2CN%3Bfileman%2C22.0.0%2CN%3Bform%2C21.0.0%2CN%3Bforum%2C21.300.100%2CN%3Bhighloadblock%2C22.200.0%2CN%3Biblock%2C21.800.300%2CN%3Blanding%2C21.1300.200%2CN%3Bmessageservice%2C22.200.100%2CN%3Bmobileapp%2C21.0.300%2CN%3Bnsandrey.emptyinstall%2C1.0.5%2CN%3Bperfmon%2C21.0.0%2CN%3Bphotogallery%2C21.200.0%2CN%3Brest%2C22.0.100%2CN%3Bscale%2C21.0.0%2CN%3Bsearch%2C22.0.0%2CN%3Bsecurity%2C21.200.0%2CN%3Bseo%2C22.0.200%2CN%3Bsocialservices%2C22.0.250%2CN%3Bsubscribe%2C21.0.0%2CN%3Btranslate%2C21.100.0%2CN%3Bui%2C22.400.50%2CN%3Bvote%2C21.0.100%2CN&reqm=bitrix.sitecorporate%2Cbitrix.siteinfoportal%2Cbitrix.sitepersonal%2Cnsandrey.emptyinstall&fullmoduleinfo=Y&SUPD_SRS=RU&SUPD_CMP=N
2023-03-11 12:35:40 -  - exec CUpdateClientPartner::GetHTTPPage
2023-03-11 12:35:40 -  - TIME GetUpdatesList(request) 0.137 sec
2023-03-11 12:35:40 -  - exec CUpdateClientPartner::ParseServerData
2023-03-11 12:35:40 -  - exec CUpdateClientPartner::__CollectRequestData
2023-03-11 12:35:40 -  - exec CUpdateClientPartner::GetHTTPPage
2023-03-11 12:35:41 -  - exec CUpdateClientPartner::ParseServerData
2023-03-11 13:02:32 -  - exec CUpdateClientPartner::GetUpdatesList
2023-03-11 13:02:32 -  - exec CUpdateClientPartner::__CollectRequestData
2023-03-11 13:02:32 -  - utf=Y&lang=ru&stable=Y&CANGZIP=Y&SUPD_DBS=MYSQL&XE=N&CLIENT_SITE=webnews&LICENSE_KEY=X&SUPD_STS=1&SUPD_URS=0&SUPD_URSA=1&TYPENC=D&CLIENT_PHPVER=7.4.29&NGINX=Y&dbv=8.0.29&instm=main%2C22.0.300%2CY%3Bb24connector%2C21.100.0%2CN%3Bbitrix.sitecorporate%2C15.5.0%2CN%3Bbitrix.siteinfoportal%2C15.5.0%2CN%3Bbitrix.sitepersonal%2C15.5.0%2CN%3Bbitrixcloud%2C22.0.0%2CN%3Bblog%2C21.300.0%2CN%3Bclouds%2C22.0.0%2CN%3Bfileman%2C22.0.0%2CN%3Bform%2C21.0.0%2CN%3Bforum%2C21.300.100%2CN%3Bhighloadblock%2C22.200.0%2CN%3Biblock%2C21.800.300%2CN%3Blanding%2C21.1300.200%2CN%3Bmessageservice%2C22.200.100%2CN%3Bmobileapp%2C21.0.300%2CN%3Bnsandrey.emptyinstall%2C1.0.5%2CN%3Bperfmon%2C21.0.0%2CN%3Bphotogallery%2C21.200.0%2CN%3Brest%2C22.0.100%2CN%3Bscale%2C21.0.0%2CN%3Bsearch%2C22.0.0%2CN%3Bsecurity%2C21.200.0%2CN%3Bseo%2C22.0.200%2CN%3Bsocialservices%2C22.0.250%2CN%3Bsubscribe%2C21.0.0%2CN%3Btranslate%2C21.100.0%2CN%3Bui%2C22.400.50%2CN%3Bvote%2C21.0.100%2CN&reqm=bitrix.sitecorporate%2Cbitrix.siteinfoportal%2Cbitrix.sitepersonal%2Cnsandrey.emptyinstall&SUPD_SRS=RU&SUPD_CMP=N
2023-03-11 13:02:32 -  - exec CUpdateClientPartner::GetHTTPPage
2023-03-11 13:02:32 -  - TIME GetUpdatesList(request) 0.183 sec
2023-03-11 13:02:32 -  - exec CUpdateClientPartner::ParseServerData
2023-03-11 13:04:00 -  - exec CUpdateClientPartner::GetUpdatesList
2023-03-11 13:04:00 -  - exec CUpdateClientPartner::__CollectRequestData
2023-03-11 13:04:00 -  - utf=Y&lang=ru&stable=Y&CANGZIP=Y&SUPD_DBS=MYSQL&XE=N&CLIENT_SITE=webnews&LICENSE_KEY=X&SUPD_STS=1&SUPD_URS=0&SUPD_URSA=1&TYPENC=D&CLIENT_PHPVER=7.4.29&NGINX=Y&dbv=8.0.29&instm=main%2C22.0.300%2CY%3Bb24connector%2C21.100.0%2CN%3Bbitrix.sitecorporate%2C15.5.0%2CN%3Bbitrix.siteinfoportal%2C15.5.0%2CN%3Bbitrix.sitepersonal%2C15.5.0%2CN%3Bbitrixcloud%2C22.0.0%2CN%3Bblog%2C21.300.0%2CN%3Bclouds%2C22.0.0%2CN%3Bfileman%2C22.0.0%2CN%3Bform%2C21.0.0%2CN%3Bforum%2C21.300.100%2CN%3Bhighloadblock%2C22.200.0%2CN%3Biblock%2C21.800.300%2CN%3Blanding%2C21.1300.200%2CN%3Bmessageservice%2C22.200.100%2CN%3Bmobileapp%2C21.0.300%2CN%3Bnsandrey.emptyinstall%2C1.0.5%2CN%3Bperfmon%2C21.0.0%2CN%3Bphotogallery%2C21.200.0%2CN%3Brest%2C22.0.100%2CN%3Bscale%2C21.0.0%2CN%3Bsearch%2C22.0.0%2CN%3Bsecurity%2C21.200.0%2CN%3Bseo%2C22.0.200%2CN%3Bsocialservices%2C22.0.250%2CN%3Bsubscribe%2C21.0.0%2CN%3Btranslate%2C21.100.0%2CN%3Bui%2C22.400.50%2CN%3Bvote%2C21.0.100%2CN&reqm=bitrix.sitecorporate%2Cbitrix.siteinfoportal%2Cbitrix.sitepersonal%2Cnsandrey.emptyinstall&fullmoduleinfo=Y&SUPD_SRS=RU&SUPD_CMP=N
2023-03-11 13:04:00 -  - exec CUpdateClientPartner::GetHTTPPage
2023-03-11 13:04:00 -  - TIME GetUpdatesList(request) 0.162 sec
2023-03-11 13:04:00 -  - exec CUpdateClientPartner::ParseServerData
2023-03-12 12:36:15 -  - exec CUpdateClientPartner::__CollectRequestData
2023-03-12 12:36:15 -  - exec CUpdateClientPartner::GetHTTPPage
2023-03-12 12:36:15 -  - exec CUpdateClientPartner::ParseServerData
2023-03-12 12:36:15 -  - exec CUpdateClientPartner::GetUpdatesList
2023-03-12 12:36:15 -  - exec CUpdateClientPartner::__CollectRequestData
2023-03-12 12:36:15 -  - utf=Y&lang=ru&stable=Y&CANGZIP=Y&SUPD_DBS=MYSQL&XE=N&CLIENT_SITE=webnews&LICENSE_KEY=X&SUPD_STS=1&SUPD_URS=0&SUPD_URSA=1&TYPENC=D&CLIENT_PHPVER=7.4.29&NGINX=Y&dbv=8.0.29&instm=main%2C22.0.300%2CY%3Bb24connector%2C21.100.0%2CN%3Bbitrix.sitecorporate%2C15.5.0%2CN%3Bbitrix.siteinfoportal%2C15.5.0%2CN%3Bbitrix.sitepersonal%2C15.5.0%2CN%3Bbitrixcloud%2C22.0.0%2CN%3Bblog%2C21.300.0%2CN%3Bclouds%2C22.0.0%2CN%3Bfileman%2C22.0.0%2CN%3Bform%2C21.0.0%2CN%3Bforum%2C21.300.100%2CN%3Bhighloadblock%2C22.200.0%2CN%3Biblock%2C21.800.300%2CN%3Blanding%2C21.1300.200%2CN%3Bmessageservice%2C22.200.100%2CN%3Bmobileapp%2C21.0.300%2CN%3Bnsandrey.emptyinstall%2C1.0.5%2CN%3Bperfmon%2C21.0.0%2CN%3Bphotogallery%2C21.200.0%2CN%3Brest%2C22.0.100%2CN%3Bscale%2C21.0.0%2CN%3Bsearch%2C22.0.0%2CN%3Bsecurity%2C21.200.0%2CN%3Bseo%2C22.0.200%2CN%3Bsocialservices%2C22.0.250%2CN%3Bsubscribe%2C21.0.0%2CN%3Btranslate%2C21.100.0%2CN%3Bui%2C22.400.50%2CN%3Bvote%2C21.0.100%2CN&reqm=bitrix.sitecorporate%2Cbitrix.siteinfoportal%2Cbitrix.sitepersonal%2Cnsandrey.emptyinstall&fullmoduleinfo=Y&SUPD_SRS=RU&SUPD_CMP=N
2023-03-12 12:36:15 -  - exec CUpdateClientPartner::GetHTTPPage
2023-03-12 12:36:15 -  - TIME GetUpdatesList(request) 0.137 sec
2023-03-12 12:36:15 -  - exec CUpdateClientPartner::ParseServerData
2023-03-12 12:36:15 -  - exec CUpdateClientPartner::__CollectRequestData
2023-03-12 12:36:15 -  - exec CUpdateClientPartner::GetHTTPPage
2023-03-12 12:36:15 -  - exec CUpdateClientPartner::ParseServerData
2023-03-13 13:12:09 -  - exec CUpdateClientPartner::__CollectRequestData
2023-03-13 13:12:09 -  - exec CUpdateClientPartner::GetHTTPPage
2023-03-13 13:12:09 -  - exec CUpdateClientPartner::ParseServerData
2023-03-13 13:12:09 -  - exec CUpdateClientPartner::GetUpdatesList
2023-03-13 13:12:09 -  - exec CUpdateClientPartner::__CollectRequestData
2023-03-13 13:12:09 -  - utf=Y&lang=ru&stable=Y&CANGZIP=Y&SUPD_DBS=MYSQL&XE=N&CLIENT_SITE=webnews&LICENSE_KEY=X&SUPD_STS=1&SUPD_URS=0&SUPD_URSA=1&TYPENC=D&CLIENT_PHPVER=7.4.29&NGINX=Y&dbv=8.0.29&instm=main%2C22.0.300%2CY%3Bb24connector%2C21.100.0%2CN%3Bbitrix.sitecorporate%2C15.5.0%2CN%3Bbitrix.siteinfoportal%2C15.5.0%2CN%3Bbitrix.sitepersonal%2C15.5.0%2CN%3Bbitrixcloud%2C22.0.0%2CN%3Bblog%2C21.300.0%2CN%3Bclouds%2C22.0.0%2CN%3Bfileman%2C22.0.0%2CN%3Bform%2C21.0.0%2CN%3Bforum%2C21.300.100%2CN%3Bhighloadblock%2C22.200.0%2CN%3Biblock%2C21.800.300%2CN%3Blanding%2C21.1300.200%2CN%3Bmessageservice%2C22.200.100%2CN%3Bmobileapp%2C21.0.300%2CN%3Bnsandrey.emptyinstall%2C1.0.5%2CN%3Bperfmon%2C21.0.0%2CN%3Bphotogallery%2C21.200.0%2CN%3Brest%2C22.0.100%2CN%3Bscale%2C21.0.0%2CN%3Bsearch%2C22.0.0%2CN%3Bsecurity%2C21.200.0%2CN%3Bseo%2C22.0.200%2CN%3Bsocialservices%2C22.0.250%2CN%3Bsubscribe%2C21.0.0%2CN%3Btranslate%2C21.100.0%2CN%3Bui%2C22.400.50%2CN%3Bvote%2C21.0.100%2CN&reqm=bitrix.sitecorporate%2Cbitrix.siteinfoportal%2Cbitrix.sitepersonal%2Cnsandrey.emptyinstall&fullmoduleinfo=Y&SUPD_SRS=RU&SUPD_CMP=N
2023-03-13 13:12:09 -  - exec CUpdateClientPartner::GetHTTPPage
2023-03-13 13:12:09 -  - TIME GetUpdatesList(request) 0.144 sec
2023-03-13 13:12:09 -  - exec CUpdateClientPartner::ParseServerData
2023-03-13 13:12:09 -  - exec CUpdateClientPartner::__CollectRequestData
2023-03-13 13:12:09 -  - exec CUpdateClientPartner::GetHTTPPage
2023-03-13 13:12:10 -  - exec CUpdateClientPartner::ParseServerData
