2023-03-11 13:04:16 -  - exec CUpdateClient::GetUpdatesList
2023-03-11 13:04:16 -  - exec CUpdateClient::CollectRequestData
2023-03-11 13:04:16 -  - LICENSE_KEY=X&lang=ru&SUPD_VER=21.1200.800&VERSION=22.0.300&TYPENC=D&SUPD_STS=1&SUPD_URS=0&SUPD_DBS=MYSQL&XE=N&CLIENT_SITE=webnews&CHHB=webnews&CSAB=127.0.0.1&SUID=7453a05d81e8e8af544b9f8903cb0c18&CANGZIP=Y&CLIENT_PHPVER=7.4.29&stable=Y&mbfo=0&NGINX=Y&SMD=N&rerere=Y&bitm_main=22.0.300&bitm_b24connector=21.100.0&bitm_bitrixcloud=22.0.0&bitm_blog=21.300.0&bitm_clouds=22.0.0&bitm_fileman=22.0.0&bitm_form=21.0.0&bitm_forum=21.300.100&bitm_highloadblock=22.200.0&bitm_iblock=21.800.300&bitm_landing=21.1300.200&bitm_messageservice=22.200.100&bitm_mobileapp=21.0.300&bitm_perfmon=21.0.0&bitm_photogallery=21.200.0&bitm_rest=22.0.100&bitm_scale=21.0.0&bitm_search=22.0.0&bitm_security=21.200.0&bitm_seo=22.0.200&bitm_socialservices=22.0.250&bitm_subscribe=21.0.0&bitm_translate=21.100.0&bitm_ui=22.400.50&bitm_vote=21.0.100&bitl_en=&bitl_ru=&SUPD_SRS=RU&SUPD_CMP=N&SALE_15=Y&LICENSE_SIGNED=%7Enew_license18_0_sign-Y
2023-03-11 13:04:16 -  - exec CUpdateClient::GetHTTPPage
2023-03-11 13:04:16 -  - TIME GetUpdatesList(request) 0.115 sec
2023-03-11 13:04:16 -  - exec CUpdateClient::ParseServerData
2023-03-11 13:04:17 -  - exec CUpdateClient::executeCounters
2023-03-11 13:04:17 -  - exec CUpdateClient::CollectRequestData
2023-03-11 13:04:17 -  - LICENSE_KEY=X&lang=ru&SUPD_VER=21.1200.800&VERSION=22.0.300&TYPENC=D&SUPD_STS=1&SUPD_URS=0&SUPD_DBS=MYSQL&XE=N&CLIENT_SITE=webnews&CHHB=webnews&CSAB=127.0.0.1&SUID=7453a05d81e8e8af544b9f8903cb0c18&CANGZIP=Y&CLIENT_PHPVER=7.4.29&stable=Y&mbfo=0&NGINX=Y&SMD=N&rerere=Y&bitm_main=22.0.300&bitm_b24connector=21.100.0&bitm_bitrixcloud=22.0.0&bitm_blog=21.300.0&bitm_clouds=22.0.0&bitm_fileman=22.0.0&bitm_form=21.0.0&bitm_forum=21.300.100&bitm_highloadblock=22.200.0&bitm_iblock=21.800.300&bitm_landing=21.1300.200&bitm_messageservice=22.200.100&bitm_mobileapp=21.0.300&bitm_perfmon=21.0.0&bitm_photogallery=21.200.0&bitm_rest=22.0.100&bitm_scale=21.0.0&bitm_search=22.0.0&bitm_security=21.200.0&bitm_seo=22.0.200&bitm_socialservices=22.0.250&bitm_subscribe=21.0.0&bitm_translate=21.100.0&bitm_ui=22.400.50&bitm_vote=21.0.100&bitl_en=&bitl_ru=&SUPD_SRS=RU&SUPD_CMP=N&SALE_15=Y&LICENSE_SIGNED=%7Enew_license18_0_sign-Y&query_type=counter&cntr_result[404]=7.4
2023-03-11 13:04:17 -  - exec CUpdateClient::GetHTTPPage
2023-03-11 13:04:17 -  - TIME executeCounters 0.113 sec
2023-03-11 13:04:28 -  - exec CUpdateClient::UpdateUpdate
2023-03-11 13:04:28 -  - exec CUpdateClient::CollectRequestData
2023-03-11 13:04:28 -  - LICENSE_KEY=X&lang=ru&SUPD_VER=21.1200.800&VERSION=22.0.300&TYPENC=D&SUPD_STS=1&SUPD_URS=0&SUPD_DBS=MYSQL&XE=N&CLIENT_SITE=webnews&CHHB=webnews&CSAB=127.0.0.1&SUID=7453a05d81e8e8af544b9f8903cb0c18&CANGZIP=Y&CLIENT_PHPVER=7.4.29&stable=Y&mbfo=0&NGINX=Y&SMD=N&rerere=Y&bitm_main=22.0.300&bitm_b24connector=21.100.0&bitm_bitrixcloud=22.0.0&bitm_blog=21.300.0&bitm_clouds=22.0.0&bitm_fileman=22.0.0&bitm_form=21.0.0&bitm_forum=21.300.100&bitm_highloadblock=22.200.0&bitm_iblock=21.800.300&bitm_landing=21.1300.200&bitm_messageservice=22.200.100&bitm_mobileapp=21.0.300&bitm_perfmon=21.0.0&bitm_photogallery=21.200.0&bitm_rest=22.0.100&bitm_scale=21.0.0&bitm_search=22.0.0&bitm_security=21.200.0&bitm_seo=22.0.200&bitm_socialservices=22.0.250&bitm_subscribe=21.0.0&bitm_translate=21.100.0&bitm_ui=22.400.50&bitm_vote=21.0.100&bitl_en=&bitl_ru=&SUPD_SRS=RU&SUPD_CMP=N&SALE_15=Y&LICENSE_SIGNED=%7Enew_license18_0_sign-Y&query_type=updateupdate
2023-03-11 13:04:28 -  - exec CUpdateClient::GetHTTPPage
2023-03-11 13:04:29 -  - TIME UpdateUpdate(request) 0.407 sec
2023-03-11 13:04:29 -  - exec CUpdateClient::UnGzipArchive
2023-03-11 13:04:29 -  - TIME UnGzipArchive 0.17 sec
2023-03-11 13:04:29 -  - exec CUpdateClient::ParseServerData
2023-03-11 13:04:29 - CURV - Update updated successfully!
2023-03-11 13:04:29 - UPD_SUCCESS - Update system updated
2023-03-11 13:04:30 -  - exec CUpdateClient::GetUpdatesList
2023-03-11 13:04:30 -  - exec CUpdateClient::CollectRequestData
2023-03-11 13:04:30 -  - LICENSE_KEY=X&lang=ru&SUPD_VER=22.500.0&VERSION=22.0.300&TYPENC=D&SUPD_STS=1&SUPD_URS=0&SUPD_DBS=MYSQL&XE=N&CLIENT_SITE=webnews&CHHB=webnews&CSAB=127.0.0.1&SUID=7453a05d81e8e8af544b9f8903cb0c18&CANGZIP=Y&CLIENT_PHPVER=7.4.29&stable=Y&mbfo=0&NGINX=Y&SMD=N&rerere=Y&bitm_main=22.0.300&bitm_b24connector=21.100.0&bitm_bitrixcloud=22.0.0&bitm_blog=21.300.0&bitm_clouds=22.0.0&bitm_fileman=22.0.0&bitm_form=21.0.0&bitm_forum=21.300.100&bitm_highloadblock=22.200.0&bitm_iblock=21.800.300&bitm_landing=21.1300.200&bitm_messageservice=22.200.100&bitm_mobileapp=21.0.300&bitm_perfmon=21.0.0&bitm_photogallery=21.200.0&bitm_rest=22.0.100&bitm_scale=21.0.0&bitm_search=22.0.0&bitm_security=21.200.0&bitm_seo=22.0.200&bitm_socialservices=22.0.250&bitm_subscribe=21.0.0&bitm_translate=21.100.0&bitm_ui=22.400.50&bitm_vote=21.0.100&bitl_en=&bitl_ru=&SUPD_SRS=RU&SUPD_CMP=N&SALE_15=Y&LICENSE_SIGNED=%7Enew_license18_0_sign-Y
2023-03-11 13:04:30 -  - exec CUpdateClient::GetHTTPPage
2023-03-11 13:04:30 -  - TIME GetUpdatesList(request) 0.149 sec
2023-03-11 13:04:30 -  - exec CUpdateClient::ParseServerData
